<?xml version="1.0" encoding="UTF-8"?>
<testng-results skipped="0" failed="0" total="1" passed="1">
  <reporter-output>
  </reporter-output>
  <suite name="Default suite" duration-ms="39853" started-at="2017-08-20T13:13:59Z" finished-at="2017-08-20T13:14:39Z">
    <groups>
    </groups>
    <test name="Default test" duration-ms="39853" started-at="2017-08-20T13:13:59Z" finished-at="2017-08-20T13:14:39Z">
      <class name="googletest.GoogleTest">
        <test-method status="PASS" signature="gittest()[pri:0, instance:googletest.GoogleTest@1792d2c]" name="gittest" duration-ms="39765" started-at="2017-08-20T18:43:59Z" finished-at="2017-08-20T18:44:39Z">
          <reporter-output>
          </reporter-output>
        </test-method> <!-- gittest -->
      </class> <!-- googletest.GoogleTest -->
    </test> <!-- Default test -->
  </suite> <!-- Default suite -->
</testng-results>
